<?xml version="1.0" encoding="UTF-8"?>
<testsuite name="edu.bsu.cs.HigherOrderFunctionsLearningTest" tests="12" skipped="0" failures="0" errors="0" timestamp="2021-05-03T07:30:30" hostname="iphone.dhcp.bsu.edu" time="3.316">
  <properties/>
  <testcase name="testMap()" classname="edu.bsu.cs.HigherOrderFunctionsLearningTest" time="0.125"/>
  <testcase name="testCountChangesByMonth()" classname="edu.bsu.cs.HigherOrderFunctionsLearningTest" time="2.424"/>
  <testcase name="testCountChangesInFebruary()" classname="edu.bsu.cs.HigherOrderFunctionsLearningTest" time="0.105"/>
  <testcase name="testCountNonBots()" classname="edu.bsu.cs.HigherOrderFunctionsLearningTest" time="0.096"/>
  <testcase name="testReadRevisions()" classname="edu.bsu.cs.HigherOrderFunctionsLearningTest" time="0.023"/>
  <testcase name="testCollect()" classname="edu.bsu.cs.HigherOrderFunctionsLearningTest" time="0.017"/>
  <testcase name="testCountByDate()" classname="edu.bsu.cs.HigherOrderFunctionsLearningTest" time="0.079"/>
  <testcase name="testDistinct()" classname="edu.bsu.cs.HigherOrderFunctionsLearningTest" time="0.032"/>
  <testcase name="testFilter()" classname="edu.bsu.cs.HigherOrderFunctionsLearningTest" time="0.023"/>
  <testcase name="testDetermineMostActiveMonth()" classname="edu.bsu.cs.HigherOrderFunctionsLearningTest" time="0.101"/>
  <testcase name="testConcatEven()" classname="edu.bsu.cs.HigherOrderFunctionsLearningTest" time="0.004"/>
  <testcase name="testCountWhitelisted()" classname="edu.bsu.cs.HigherOrderFunctionsLearningTest" time="0.051"/>
  <system-out><![CDATA[{FEBRUARY=3, MARCH=1}
]]></system-out>
  <system-err><![CDATA[]]></system-err>
</testsuite>
